<?xml version="1.0" encoding="UTF-8"?>
<testsuite name="Cucumber" time="0.413" tests="3" skipped="0" failures="1" errors="0">
    <testcase classname="Basic Calculator" name="Simple add operation" time="0.035">
        <system-out><![CDATA[
When I "add" 1 and 1........................................................passed
Then the result is 2........................................................passed
]]></system-out>
    </testcase>
    <testcase classname="Basic Calculator" name="Combine basic operations" time="0.15">
        <failure type="io.kotest.assertions.AssertionFailedError" message="expected:&lt;43.0&gt; but was:&lt;42.0&gt;">
            <![CDATA[io.kotest.assertions.AssertionFailedError: expected:<43.0> but was:<42.0>
	at glue.CalculationSteps.checkResult(CalculationSteps.kt:74)
	at ?.the result is 43(file:Calculator.feature:10)
]]>
        </failure>
        <system-out><![CDATA[
When I "add" 10 and 11......................................................passed
And I "multiply with" 2.....................................................passed
Then the result is 43.......................................................failed
]]></system-out>
    </testcase>
    <testcase classname="Basic Calculator" name="Combine more operations" time="0">
        <system-out><![CDATA[
When I "add" 10 and 12......................................................passed
And I "subtract" 1..........................................................passed
And I "multiply with" 2.....................................................passed
Then the result is 42.......................................................passed
]]></system-out>
    </testcase>
</testsuite>
