<?xml version="1.0" encoding="UTF-8"?>
<testsuite name="Cucumber" time="0.071" tests="5" skipped="0" failures="0" errors="0">
    <testcase classname="Some terse yet descriptive text of what is desired like bla bla 3 examples" name="Some determinable business situation" time="0.008">
        <system-out><![CDATA[
Given a global administrator named "Greg"...................................passed
* a blog named "Greg's anti-tax rants"......................................passed
* a customer named "Wilson".................................................passed
Given the following people exist:...........................................passed
And some precondition 1.....................................................passed
When some action by the actor...............................................passed
And some other action.......................................................passed
Then some testable outcome is achieved......................................passed
And something else we can check happens too.................................passed
]]></system-out>
    </testcase>
    <testcase classname="Some terse yet descriptive text of what is desired like bla bla 3 examples" name="Some another scenario 2" time="0.003">
        <system-out><![CDATA[
Given a global administrator named "Greg"...................................passed
* a blog named "Greg's anti-tax rants"......................................passed
* a customer named "Wilson".................................................passed
Given some precondition.....................................................passed
And some other precondition with doc string.................................passed
When some action by the actor...............................................passed
And yet another action......................................................passed
Then some testable outcome is achieved......................................passed
* something else we can check happens too...................................passed
But I don't see something else..............................................passed
]]></system-out>
    </testcase>
    <testcase classname="Some terse yet descriptive text of what is desired like bla bla 3 examples" name="feeding a cow &lt;name&gt; yum yum yum - Example #1.1" time="0.001">
        <system-out><![CDATA[
Given a global administrator named "Greg"...................................passed
* a blog named "Greg's anti-tax rants"......................................passed
* a customer named "Wilson".................................................passed
Given the cow weighs 450 kg.................................................passed
When we calculate the feeding requirements..................................passed
Then the energy should be 26500 MJ..........................................passed
]]></system-out>
    </testcase>
    <testcase classname="Some terse yet descriptive text of what is desired like bla bla 3 examples" name="feeding a cow &lt;name&gt; yum yum yum - Example #1.2" time="0.002">
        <system-out><![CDATA[
Given a global administrator named "Greg"...................................passed
* a blog named "Greg's anti-tax rants"......................................passed
* a customer named "Wilson".................................................passed
Given the cow weighs 451 kg.................................................passed
When we calculate the feeding requirements..................................passed
Then the energy should be 26501 MJ..........................................passed
]]></system-out>
    </testcase>
    <testcase classname="Some terse yet descriptive text of what is desired like bla bla 3 examples" name="feeding a cow &lt;name&gt; yum yum yum - Example #1.3" time="0.001">
        <system-out><![CDATA[
Given a global administrator named "Greg"...................................passed
* a blog named "Greg's anti-tax rants"......................................passed
* a customer named "Wilson".................................................passed
Given the cow weighs 500 kg.................................................passed
When we calculate the feeding requirements..................................passed
Then the energy should be 29500 MJ..........................................passed
]]></system-out>
    </testcase>
</testsuite>
